<?xml version="1.0" encoding="UTF-8"?>
<robot generator="Robot 6.1.1 (Python 3.11.5 on win32)" generated="20260916 05:23:40.456" rpa="false" schemaversion="4">
<suite id="s1" name="Giriton Attendance Github" source="C:\Giriton\giriton-dashboard\giriton_attendance_github.robot">
<test id="s1-t1" name="Giriton Attendance Github" line="16">
<kw name="Bejelentkezes" library="keywords_github">
<kw name="Create Github Chrome Options" library="chrome_options">
<var>${options}</var>
<status status="NOT RUN" starttime="20260916 05:23:53.699" endtime="20260916 05:23:53.699"/>
</kw>
<kw name="Open Browser" library="SeleniumLibrary">
<arg>https://kiflihu.giriton.com/</arg>
<arg>chrome</arg>
<arg>options=${options}</arg>
<doc>Opens a new browser instance to the optional ``url``.</doc>
<status status="NOT RUN" starttime="20260916 05:23:53.699" endtime="20260916 05:23:53.701"/>
</kw>
<kw name="Set Window Size" library="SeleniumLibrary">
<arg>1920</arg>
<arg>1080</arg>
<doc>Sets current windows size to given ``width`` and ``height``.</doc>
<status status="NOT RUN" starttime="20260916 05:23:53.701" endtime="20260916 05:23:53.702"/>
</kw>
<kw name="Wait Until Element Is Visible" library="SeleniumLibrary">
<arg>locator=//*[@id="CompanyLoginPanel-tfUserLogin"]</arg>
<arg>timeout=30s</arg>
<doc>Waits until the element ``locator`` is visible.</doc>
<status status="NOT RUN" starttime="20260916 05:23:53.702" endtime="20260916 05:23:53.706"/>
</kw>
<kw name="Input Text" library="SeleniumLibrary">
<arg>locator=//*[@id="CompanyLoginPanel-tfUserLogin"]</arg>
<arg>text=%{GIRITON_USER}</arg>
<doc>Types the given ``text`` into the text field identified by ``locator``.</doc>
<status status="NOT RUN" starttime="20260916 05:23:53.706" endtime="20260916 05:23:53.710"/>
</kw>
<kw name="Input Text" library="SeleniumLibrary">
<arg>locator=//*[@id="CompanyLoginPanel-pfUserPassword"]</arg>
<arg>text=%{GIRITON_PASSWORD}</arg>
<doc>Types the given ``text`` into the text field identified by ``locator``.</doc>
<status status="NOT RUN" starttime="20260916 05:23:53.710" endtime="20260916 05:23:53.712"/>
</kw>
<kw name="Press Keys" library="SeleniumLibrary">
<arg>//*[@id="CompanyLoginPanel-pfUserPassword"]</arg>
<arg>ENTER</arg>
<doc>Simulates the user pressing key(s) to an element or on the active browser.</doc>
<status status="NOT RUN" starttime="20260916 05:23:53.713" endtime="20260916 05:23:53.714"/>
</kw>
<kw name="Sleep" library="BuiltIn">
<arg>2s</arg>
<doc>Pauses the test executed for the given time.</doc>
<status status="NOT RUN" starttime="20260916 05:23:53.714" endtime="20260916 05:23:53.715"/>
</kw>
<kw name="Run Keyword And Return Status" library="BuiltIn">
<var>${logged_in}</var>
<arg>Wait Until Page Contains Element</arg>
<arg>locator=//*[@id="layMenuItems"]</arg>
<arg>timeout=8s</arg>
<doc>Runs the given keyword with given arguments and returns the status as a Boolean value.</doc>
<kw name="Wait Until Page Contains Element" library="SeleniumLibrary">
<arg>locator=//*[@id="layMenuItems"]</arg>
<arg>timeout=8s</arg>
<doc>Waits until the element ``locator`` appears on the current page.</doc>
<status status="NOT RUN" starttime="20260916 05:23:53.716" endtime="20260916 05:23:53.718"/>
</kw>
<status status="NOT RUN" starttime="20260916 05:23:53.715" endtime="20260916 05:23:53.718"/>
</kw>
<if>
<branch type="IF" condition="not ${logged_in}">
<kw name="Execute Javascript" library="SeleniumLibrary">
<arg>const visible = el =&gt; !!el &amp;&amp; el.offsetWidth &gt; 0 &amp;&amp; el.offsetHeight &gt; 0; const buttons = [...document.querySelectorAll('.v-button, [role="button"], button, input[type="submit"]')].filter(visible); const loginButton = buttons.find(el =&gt; /login|log in|sign in|bejelentkez/i.test((el.innerText || el.value || '').trim())) || buttons[buttons.length - 1]; if (!loginButton) { throw new Error('Visible login button not found'); } loginButton.click();</arg>
<doc>Executes the given JavaScript code with possible arguments.</doc>
<status status="NOT RUN" starttime="20260916 05:23:53.719" endtime="20260916 05:23:53.719"/>
</kw>
<status status="PASS" starttime="20260916 05:23:53.718" endtime="20260916 05:23:53.719"/>
</branch>
<status status="PASS" starttime="20260916 05:23:53.718" endtime="20260916 05:23:53.719"/>
</if>
<kw name="Wait Until Page Contains Element" library="SeleniumLibrary">
<arg>locator=//*[@id="layMenuItems"]</arg>
<arg>timeout=30s</arg>
<doc>Waits until the element ``locator`` appears on the current page.</doc>
<status status="NOT RUN" starttime="20260916 05:23:53.719" endtime="20260916 05:23:53.721"/>
</kw>
<status status="PASS" starttime="20260916 05:23:53.698" endtime="20260916 05:23:53.722"/>
</kw>
<kw name="Click Attendance" library="keywords_github">
<kw name="Wait Until Element Is Visible" library="SeleniumLibrary">
<arg>xpath=//*[@id="layMenuItems"]/div[2]/div/span</arg>
<arg>timeout=30s</arg>
<doc>Waits until the element ``locator`` is visible.</doc>
<status status="NOT RUN" starttime="20260916 05:23:53.722" endtime="20260916 05:23:53.724"/>
</kw>
<kw name="Click Element" library="SeleniumLibrary">
<arg>xpath=//*[@id="layMenuItems"]/div[2]/div/span</arg>
<doc>Click the element identified by ``locator``.</doc>
<status status="NOT RUN" starttime="20260916 05:23:53.725" endtime="20260916 05:23:53.726"/>
</kw>
<status status="PASS" starttime="20260916 05:23:53.722" endtime="20260916 05:23:53.726"/>
</kw>
<kw name="Run Keyword And Ignore Error" library="BuiltIn">
<arg>keywords_github.Select All Departments</arg>
<doc>Runs the given keyword with the given arguments and ignores possible error.</doc>
<kw name="Select All Departments" library="keywords_github">
<kw name="Wait Until Element Is Visible" library="SeleniumLibrary">
<arg>xpath=//span[contains(@class,'v-button-caption') and (contains(normalize-space(.),'Just in Time Kft') or contains(normalize-space(.),'multiple departm') or contains(normalize-space(.),'all departments'))]</arg>
<arg>timeout=30s</arg>
<doc>Waits until the element ``locator`` is visible.</doc>
<status status="NOT RUN" starttime="20260916 05:23:53.727" endtime="20260916 05:23:53.729"/>
</kw>
<kw name="Execute Javascript" library="SeleniumLibrary">
<arg>const departmentButton=[...document.querySelectorAll('.v-button')].find(el =&gt; { const text=(el.innerText || '').trim(); return (text.includes('Just in Time Kft') || text.includes('multiple departm') || text.includes('all departments')) &amp;&amp; el.offsetWidth &gt; 0 &amp;&amp; el.offsetHeight &gt; 0; }); if(departmentButton){departmentButton.click();} else {throw new Error('Visible department button not found');}</arg>
<doc>Executes the given JavaScript code with possible arguments.</doc>
<status status="NOT RUN" starttime="20260916 05:23:53.729" endtime="20260916 05:23:53.730"/>
</kw>
<kw name="Wait Until Page Contains" library="SeleniumLibrary">
<arg>Departments</arg>
<arg>timeout=30s</arg>
<doc>Waits until ``text`` appears on the current page.</doc>
<status status="NOT RUN" starttime="20260916 05:23:53.730" endtime="20260916 05:23:53.731"/>
</kw>
<kw name="Execute Javascript" library="SeleniumLibrary">
<arg>const label=[...document.querySelectorAll('label')].find(el =&gt; (el.innerText || '').includes('all departments') &amp;&amp; el.offsetWidth &gt; 0 &amp;&amp; el.offsetHeight &gt; 0); if(label){label.click();} else {throw new Error('Visible all departments label not found');}</arg>
<doc>Executes the given JavaScript code with possible arguments.</doc>
<status status="NOT RUN" starttime="20260916 05:23:53.732" endtime="20260916 05:23:53.732"/>
</kw>
<kw name="Sleep" library="BuiltIn">
<arg>1s</arg>
<doc>Pauses the test executed for the given time.</doc>
<status status="NOT RUN" starttime="20260916 05:23:53.732" endtime="20260916 05:23:53.732"/>
</kw>
<kw name="Execute Javascript" library="SeleniumLibrary">
<arg>const button=[...document.querySelectorAll('.v-button')].find(el =&gt; (el.innerText || '').trim() === 'Choose' &amp;&amp; el.offsetWidth &gt; 0 &amp;&amp; el.offsetHeight &gt; 0); if(button){button.click();} else {throw new Error('Visible Choose button not found');}</arg>
<doc>Executes the given JavaScript code with possible arguments.</doc>
<status status="NOT RUN" starttime="20260916 05:23:53.732" endtime="20260916 05:23:53.733"/>
</kw>
<kw name="Sleep" library="BuiltIn">
<arg>3s</arg>
<doc>Pauses the test executed for the given time.</doc>
<status status="NOT RUN" starttime="20260916 05:23:53.733" endtime="20260916 05:23:53.733"/>
</kw>
<status status="PASS" starttime="20260916 05:23:53.727" endtime="20260916 05:23:53.733"/>
</kw>
<status status="NOT RUN" starttime="20260916 05:23:53.726" endtime="20260916 05:23:53.733"/>
</kw>
<kw name="Sleep" library="BuiltIn">
<arg>5s</arg>
<doc>Pauses the test executed for the given time.</doc>
<status status="NOT RUN" starttime="20260916 05:23:53.733" endtime="20260916 05:23:53.733"/>
</kw>
<kw name="Get Current Date" library="DateTime">
<var>${today}</var>
<arg>result_format=%Y-%m-%d</arg>
<doc>Returns current local or UTC time with an optional increment.</doc>
<status status="NOT RUN" starttime="20260916 05:23:53.735" endtime="20260916 05:23:53.735"/>
</kw>
<kw name="Set Variable" library="BuiltIn">
<var>${base_date}</var>
<arg>${today}</arg>
<doc>Returns the given values which can then be assigned to a variables.</doc>
<status status="NOT RUN" starttime="20260916 05:23:53.735" endtime="20260916 05:23:53.735"/>
</kw>
<if>
<branch type="IF" condition="'${RUN_START_DATE}' != ''">
<kw name="Set Variable" library="BuiltIn">
<var>${base_date}</var>
<arg>${RUN_START_DATE}</arg>
<doc>Returns the given values which can then be assigned to a variables.</doc>
<status status="NOT RUN" starttime="20260916 05:23:53.736" endtime="20260916 05:23:53.736"/>
</kw>
<status status="PASS" starttime="20260916 05:23:53.735" endtime="20260916 05:23:53.736"/>
</branch>
<status status="PASS" starttime="20260916 05:23:53.735" endtime="20260916 05:23:53.736"/>
</if>
<kw name="Add Time To Date" library="DateTime">
<var>${attendance_datum_giriton}</var>
<arg>${base_date}</arg>
<arg>0 days</arg>
<arg>result_format=%d/%m/%Y</arg>
<doc>Adds time to date and returns the resulting date.</doc>
<status status="NOT RUN" starttime="20260916 05:23:53.736" endtime="20260916 05:23:53.736"/>
</kw>
<kw name="Add Time To Date" library="DateTime">
<var>${attendance_datum_sheet}</var>
<arg>${base_date}</arg>
<arg>0 days</arg>
<arg>result_format=%Y-%m-%d</arg>
<doc>Adds time to date and returns the resulting date.</doc>
<status status="NOT RUN" starttime="20260916 05:23:53.736" endtime="20260916 05:23:53.736"/>
</kw>
<kw name="Log To Console" library="BuiltIn">
<arg>ATTENDANCE_DATUM=${attendance_datum_giriton}</arg>
<doc>Logs the given message to the console.</doc>
<status status="NOT RUN" starttime="20260916 05:23:53.736" endtime="20260916 05:23:53.736"/>
</kw>
<kw name="Install Vaadin Response Capture" library="giriton_attendance_scraper">
<status status="NOT RUN" starttime="20260916 05:23:53.736" endtime="20260916 05:23:53.736"/>
</kw>
<kw name="Execute Javascript" library="SeleniumLibrary">
<arg>const input=[...document.querySelectorAll('input.v-datefield-textfield')].find(el =&gt; el.offsetWidth &gt; 0 &amp;&amp; el.offsetHeight &gt; 0); if(!input){throw new Error('Visible date input not found');} input.focus(); input.value=arguments[0]; input.dispatchEvent(new Event('input',{bubbles:true})); input.dispatchEvent(new Event('change',{bubbles:true})); input.dispatchEvent(new KeyboardEvent('keydown',{key:'Enter',code:'Enter',keyCode:13,which:13,bubbles:true})); input.dispatchEvent(new KeyboardEvent('keyup',{key:'Enter',code:'Enter',keyCode:13,which:13,bubbles:true}));</arg>
<arg>ARGUMENTS</arg>
<arg>${attendance_datum_giriton}</arg>
<doc>Executes the given JavaScript code with possible arguments.</doc>
<status status="NOT RUN" starttime="20260916 05:23:53.738" endtime="20260916 05:23:53.738"/>
</kw>
<kw name="Sleep" library="BuiltIn">
<arg>5s</arg>
<doc>Pauses the test executed for the given time.</doc>
<status status="NOT RUN" starttime="20260916 05:23:53.738" endtime="20260916 05:23:53.738"/>
</kw>
<kw name="Scrape Attendance Rows" library="giriton_attendance_scraper">
<var>${attendance_rows}</var>
<arg>${attendance_datum_sheet}</arg>
<status status="NOT RUN" starttime="20260916 05:23:53.738" endtime="20260916 05:23:53.738"/>
</kw>
<kw name="Get Length" library="BuiltIn">
<var>${attendance_count}</var>
<arg>${attendance_rows}</arg>
<doc>Returns and logs the length of the given item as an integer.</doc>
<status status="NOT RUN" starttime="20260916 05:23:53.739" endtime="20260916 05:23:53.739"/>
</kw>
<kw name="Log To Console" library="BuiltIn">
<arg>ATTENDANCE_SOROK_SZAMA=${attendance_count}</arg>
<doc>Logs the given message to the console.</doc>
<status status="NOT RUN" starttime="20260916 05:23:53.739" endtime="20260916 05:23:53.739"/>
</kw>
<kw name="Write Giriton Attendance Db" library="giriton_attendance_db">
<var>${attendance_result}</var>
<arg>${attendance_rows}</arg>
<status status="NOT RUN" starttime="20260916 05:23:53.739" endtime="20260916 05:23:53.739"/>
</kw>
<kw name="Log To Console" library="BuiltIn">
<arg>ATTENDANCE_DB=${attendance_result}</arg>
<doc>Logs the given message to the console.</doc>
<status status="NOT RUN" starttime="20260916 05:23:53.739" endtime="20260916 05:23:53.740"/>
</kw>
<status status="PASS" starttime="20260916 05:23:53.695" endtime="20260916 05:23:53.740"/>
</test>
<status status="PASS" starttime="20260916 05:23:40.460" endtime="20260916 05:23:53.740"/>
</suite>
<statistics>
<total>
<stat pass="1" fail="0" skip="0">All Tests</stat>
</total>
<tag>
</tag>
<suite>
<stat pass="1" fail="0" skip="0" id="s1" name="Giriton Attendance Github">Giriton Attendance Github</stat>
</suite>
</statistics>
<errors>
</errors>
</robot>
