<?xml version="1.0" encoding="UTF-8"?>
<robot generator="Robot 6.1.1 (Python 3.11.5 on win32)" generated="20260706 08:36:44.003" rpa="false" schemaversion="4">
<suite id="s1" name="Giriton Attendance Github" source="C:\Giriton\giriton-dashboard\giriton_attendance_github.robot">
<test id="s1-t1" name="Giriton Attendance Github" line="16">
<kw name="Bejelentkezes" library="keywords_github">
<kw name="Create Github Chrome Options" library="chrome_options">
<var>${options}</var>
<msg timestamp="20260706 08:36:46.516" level="INFO">${options} = &lt;selenium.webdriver.chrome.options.Options object at 0x000001CFC8F94C10&gt;</msg>
<status status="PASS" starttime="20260706 08:36:46.516" endtime="20260706 08:36:46.516"/>
</kw>
<kw name="Open Browser" library="SeleniumLibrary">
<arg>https://kiflihu.giriton.com/</arg>
<arg>chrome</arg>
<arg>options=${options}</arg>
<doc>Opens a new browser instance to the optional ``url``.</doc>
<msg timestamp="20260706 08:36:46.516" level="INFO">Opening browser 'chrome' to base url 'https://kiflihu.giriton.com/'.</msg>
<msg timestamp="20260706 08:36:46.547" level="DEBUG">Selenium Manager binary found at: C:\Users\GurzóBalázs\AppData\Local\Programs\Python\Python311\Lib\site-packages\selenium\webdriver\common\windows\selenium-manager.exe</msg>
<msg timestamp="20260706 08:36:46.547" level="DEBUG">Executing process: C:\Users\GurzóBalázs\AppData\Local\Programs\Python\Python311\Lib\site-packages\selenium\webdriver\common\windows\selenium-manager.exe --browser chrome --debug --language-binding python --output json</msg>
<msg timestamp="20260706 08:36:46.884" level="DEBUG">Sending stats to Plausible: Props { browser: "chrome", browser_version: "", os: "windows", arch: "x86_64", lang: "python", selenium_version: "4.41" }</msg>
<msg timestamp="20260706 08:36:46.884" level="DEBUG">Found chromedriver 101.0.4951.41 in PATH: C:\chromedriver.exe</msg>
<msg timestamp="20260706 08:36:46.884" level="DEBUG">chrome detected at C:\Program Files\Google\Chrome\Application\chrome.exe</msg>
<msg timestamp="20260706 08:36:46.884" level="DEBUG">Detected browser: chrome 150.0.7871.47</msg>
<msg timestamp="20260706 08:36:46.884" level="DEBUG">Discovering versions from https://googlechromelabs.github.io/chrome-for-testing/known-good-versions-with-downloads.json</msg>
<msg timestamp="20260706 08:36:46.884" level="DEBUG">Required driver: chromedriver 150.0.7871.46</msg>
<msg timestamp="20260706 08:36:46.884" level="WARN">The chromedriver version (101.0.4951.41) detected in PATH at C:\chromedriver.exe might not be compatible with the detected chrome version (150.0.7871.47); currently, chromedriver 150.0.7871.46 is recommended for chrome 150.*, so it is advised to delete the driver in PATH and retry</msg>
<msg timestamp="20260706 08:36:46.886" level="DEBUG">Driver path: C:\chromedriver.exe</msg>
<msg timestamp="20260706 08:36:46.886" level="DEBUG">Browser path: C:\Program Files\Google\Chrome\Application\chrome.exe</msg>
<msg timestamp="20260706 08:36:46.903" level="DEBUG">Started executable: `C:\chromedriver.exe` in a child process with pid: 13260 using 0 to output -3</msg>
<msg timestamp="20260706 08:36:47.038" level="DEBUG">POST http://localhost:55111/session {'capabilities': {'firstMatch': [{}], 'alwaysMatch': {'browserName': 'chrome', 'pageLoadStrategy': &lt;PageLoadStrategy.normal: 'normal'&gt;, 'browserVersion': None, 'goog:chromeOptions': {'extensions': [], 'binary': 'C:\\Program Files\\Google\\Chrome\\Application\\chrome.exe', 'args': ['--headless', '--no-sandbox', '--disable-dev-shm-usage', '--disable-gpu', '--window-size=1920,1080']}}}}</msg>
<msg timestamp="20260706 08:36:47.038" level="DEBUG">Starting new HTTP connection (1): localhost:55111</msg>
<msg timestamp="20260706 08:36:48.029" level="DEBUG">http://localhost:55111 "POST /session HTTP/1.1" 500 0</msg>
<msg timestamp="20260706 08:36:48.029" level="DEBUG">Remote response: status=500 | data={"value":{"error":"session not created","message":"session not created: This version of ChromeDriver only supports Chrome version 101\nCurrent browser version is 150.0.7871.47 with binary path C:\\Program Files\\Google\\Chrome\\Application\\chrome.exe","stacktrace":"Backtrace:\n\tOrdinal0 [0x0115B8F3+2406643]\n\tOrdinal0 [0x010EAF31+1945393]\n\tOrdinal0 [0x00FDC748+837448]\n\tOrdinal0 [0x00FFC8B3+968883]\n\tOrdinal0 [0x00FF84BA+951482]\n\tOrdinal0 [0x00FF5D71+941425]\n\tOrdinal0 [0x01028EE0+1150688]\n\tOrdinal0 [0x01028B3A+1149754]\n\tOrdinal0 [0x01024096+1130646]\n\tOrdinal0 [0x00FFE636+976438]\n\tOrdinal0 [0x00FFF546+980294]\n\tGetHandleVerifier [0x013C9612+2498066]\n\tGetHandleVerifier [0x013BC920+2445600]\n\tGetHandleVerifier [0x011F4F2A+579370]\n\tGetHandleVerifier [0x011F3D36+574774]\n\tOrdinal0 [0x010F1C0B+1973259]\n\tOrdinal0 [0x010F6688+1992328]\n\tOrdinal0 [0x010F6775+1992565]\n\tOrdinal0 [0x010FF8D1+2029777]\n\tBaseThreadInitThunk [0x77A9FCC9+25]\n\tRtlGetAppContainerNamedObjectPath [0x77C182AE+286]\n\tRtlGetAppContainerNamedObjectPath [0x77C1827E+238]\n"}} | headers=HTTPHeaderDict({'Content-Length': '1084', 'Content-Type': 'application/json; charset=utf-8', 'cache-control': 'no-cache'})</msg>
<msg timestamp="20260706 08:36:48.029" level="DEBUG">Finished Request</msg>
<msg timestamp="20260706 08:36:50.068" level="INFO">Cannot capture screenshot because no browser is open.</msg>
<msg timestamp="20260706 08:36:50.068" level="FAIL">SessionNotCreatedException: Message: session not created: This version of ChromeDriver only supports Chrome version 101
Current browser version is 150.0.7871.47 with binary path C:\Program Files\Google\Chrome\Application\chrome.exe; For documentation on this error, please visit: https://www.selenium.dev/documentation/webdriver/troubleshooting/errors#sessionnotcreatedexception
Stacktrace:
Backtrace:
	Ordinal0 [0x0115B8F3+2406643]
	Ordinal0 [0x010EAF31+1945393]
	Ordinal0 [0x00FDC748+837448]
	Ordinal0 [0x00FFC8B3+968883]
	Ordinal0 [0x00FF84BA+951482]
	Ordinal0 [0x00FF5D71+941425]
	Ordinal0 [0x01028EE0+1150688]
	Ordinal0 [0x01028B3A+1149754]
	Ordinal0 [0x01024096+1130646]
	Ordinal0 [0x00FFE636+976438]
	Ordinal0 [0x00FFF546+980294]
	GetHandleVerifier [0x013C9612+2498066]
	GetHandleVerifier [0x013BC920+2445600]
	GetHandleVerifier [0x011F4F2A+579370]
	GetHandleVerifier [0x011F3D36+574774]
	Ordinal0 [0x010F1C0B+1973259]
	Ordinal0 [0x010F6688+1992328]
	Ordinal0 [0x010F6775+1992565]
	Ordinal0 [0x010FF8D1+2029777]
	BaseThreadInitThunk [0x77A9FCC9+25]
	RtlGetAppContainerNamedObjectPath [0x77C182AE+286]
	RtlGetAppContainerNamedObjectPath [0x77C1827E+238]
</msg>
<msg timestamp="20260706 08:36:50.131" level="DEBUG">Traceback (most recent call last):
  File "C:\Users\GurzóBalázs\AppData\Local\Programs\Python\Python311\Lib\site-packages\SeleniumLibrary\__init__.py", line 678, in run_keyword
    return DynamicCore.run_keyword(self, name, args, kwargs)
           ^^^^^^^^^^^^^^^^^^^^^^^^^^^^^^^^^^^^^^^^^^^^^^^^^
  File "C:\Users\GurzóBalázs\AppData\Local\Programs\Python\Python311\Lib\site-packages\robotlibcore\core\dynamic.py", line 25, in run_keyword
    return self.keywords[name](*args, **(kwargs or {}))
           ^^^^^^^^^^^^^^^^^^^^^^^^^^^^^^^^^^^^^^^^^^^^
  File "C:\Users\GurzóBalázs\AppData\Local\Programs\Python\Python311\Lib\site-packages\SeleniumLibrary\keywords\browsermanagement.py", line 231, in open_browser
    return self._make_new_browser(
           ^^^^^^^^^^^^^^^^^^^^^^^
  File "C:\Users\GurzóBalázs\AppData\Local\Programs\Python\Python311\Lib\site-packages\SeleniumLibrary\keywords\browsermanagement.py", line 264, in _make_new_browser
    driver = self._make_driver(
             ^^^^^^^^^^^^^^^^^^
  File "C:\Users\GurzóBalázs\AppData\Local\Programs\Python\Python311\Lib\site-packages\SeleniumLibrary\keywords\browsermanagement.py", line 725, in _make_driver
    driver = self._webdriver_creator.create_driver(
             ^^^^^^^^^^^^^^^^^^^^^^^^^^^^^^^^^^^^^^
  File "C:\Users\GurzóBalázs\AppData\Local\Programs\Python\Python311\Lib\site-packages\SeleniumLibrary\keywords\webdrivertools\webdrivertools.py", line 92, in create_driver
    return creation_method(
           ^^^^^^^^^^^^^^^^
  File "C:\Users\GurzóBalázs\AppData\Local\Programs\Python\Python311\Lib\site-packages\SeleniumLibrary\keywords\webdrivertools\webdrivertools.py", line 162, in create_chrome
    return webdriver.Chrome(
           ^^^^^^^^^^^^^^^^^
  File "C:\Users\GurzóBalázs\AppData\Local\Programs\Python\Python311\Lib\site-packages\selenium\webdriver\chrome\webdriver.py", line 45, in __init__
    super().__init__(
  File "C:\Users\GurzóBalázs\AppData\Local\Programs\Python\Python311\Lib\site-packages\selenium\webdriver\chromium\webdriver.py", line 66, in __init__
    super().__init__(command_executor=executor, options=self.options)
  File "C:\Users\GurzóBalázs\AppData\Local\Programs\Python\Python311\Lib\site-packages\selenium\webdriver\common\webdriver.py", line 25, in __init__
    super().__init__(*args, **kwargs)
  File "C:\Users\GurzóBalázs\AppData\Local\Programs\Python\Python311\Lib\site-packages\selenium\webdriver\remote\webdriver.py", line 271, in __init__
    self.start_session(capabilities)
  File "C:\Users\GurzóBalázs\AppData\Local\Programs\Python\Python311\Lib\site-packages\selenium\webdriver\remote\webdriver.py", line 366, in start_session
    response = self.execute(Command.NEW_SESSION, caps)["value"]
               ^^^^^^^^^^^^^^^^^^^^^^^^^^^^^^^^^^^^^^^
  File "C:\Users\GurzóBalázs\AppData\Local\Programs\Python\Python311\Lib\site-packages\selenium\webdriver\remote\webdriver.py", line 446, in execute
    self.error_handler.check_response(response)
  File "C:\Users\GurzóBalázs\AppData\Local\Programs\Python\Python311\Lib\site-packages\selenium\webdriver\remote\errorhandler.py", line 232, in check_response
    raise exception_class(message, screen, stacktrace)
selenium.common.exceptions.SessionNotCreatedException: Message: session not created: This version of ChromeDriver only supports Chrome version 101
Current browser version is 150.0.7871.47 with binary path C:\Program Files\Google\Chrome\Application\chrome.exe; For documentation on this error, please visit: https://www.selenium.dev/documentation/webdriver/troubleshooting/errors#sessionnotcreatedexception
Stacktrace:
Backtrace:
	Ordinal0 [0x0115B8F3+2406643]
	Ordinal0 [0x010EAF31+1945393]
	Ordinal0 [0x00FDC748+837448]
	Ordinal0 [0x00FFC8B3+968883]
	Ordinal0 [0x00FF84BA+951482]
	Ordinal0 [0x00FF5D71+941425]
	Ordinal0 [0x01028EE0+1150688]
	Ordinal0 [0x01028B3A+1149754]
	Ordinal0 [0x01024096+1130646]
	Ordinal0 [0x00FFE636+976438]
	Ordinal0 [0x00FFF546+980294]
	GetHandleVerifier [0x013C9612+2498066]
	GetHandleVerifier [0x013BC920+2445600]
	GetHandleVerifier [0x011F4F2A+579370]
	GetHandleVerifier [0x011F3D36+574774]
	Ordinal0 [0x010F1C0B+1973259]
	Ordinal0 [0x010F6688+1992328]
	Ordinal0 [0x010F6775+1992565]
	Ordinal0 [0x010FF8D1+2029777]
	BaseThreadInitThunk [0x77A9FCC9+25]
	RtlGetAppContainerNamedObjectPath [0x77C182AE+286]
	RtlGetAppContainerNamedObjectPath [0x77C1827E+238]</msg>
<status status="FAIL" starttime="20260706 08:36:46.516" endtime="20260706 08:36:50.131"/>
</kw>
<kw name="Set Window Size" library="SeleniumLibrary">
<arg>1920</arg>
<arg>1080</arg>
<doc>Sets current windows size to given ``width`` and ``height``.</doc>
<status status="NOT RUN" starttime="20260706 08:36:50.131" endtime="20260706 08:36:50.131"/>
</kw>
<kw name="Wait Until Element Is Visible" library="SeleniumLibrary">
<arg>locator=//*[@id="CompanyLoginPanel-tfUserLogin"]</arg>
<arg>timeout=30s</arg>
<doc>Waits until the element ``locator`` is visible.</doc>
<status status="NOT RUN" starttime="20260706 08:36:50.131" endtime="20260706 08:36:50.131"/>
</kw>
<kw name="Input Text" library="SeleniumLibrary">
<arg>locator=//*[@id="CompanyLoginPanel-tfUserLogin"]</arg>
<arg>text=%{GIRITON_USER}</arg>
<doc>Types the given ``text`` into the text field identified by ``locator``.</doc>
<status status="NOT RUN" starttime="20260706 08:36:50.131" endtime="20260706 08:36:50.131"/>
</kw>
<kw name="Input Text" library="SeleniumLibrary">
<arg>locator=//*[@id="CompanyLoginPanel-pfUserPassword"]</arg>
<arg>text=%{GIRITON_PASSWORD}</arg>
<doc>Types the given ``text`` into the text field identified by ``locator``.</doc>
<status status="NOT RUN" starttime="20260706 08:36:50.131" endtime="20260706 08:36:50.131"/>
</kw>
<kw name="Click Element" library="SeleniumLibrary">
<arg>locator=//*[@id="ROOT-2521314"]/div/div[2]/div/div/div/div[3]/div/div[3]/div/div[1]/div</arg>
<doc>Click the element identified by ``locator``.</doc>
<status status="NOT RUN" starttime="20260706 08:36:50.131" endtime="20260706 08:36:50.131"/>
</kw>
<status status="FAIL" starttime="20260706 08:36:46.516" endtime="20260706 08:36:50.131"/>
</kw>
<kw name="Click Attendance" library="keywords_github">
<status status="NOT RUN" starttime="20260706 08:36:50.131" endtime="20260706 08:36:50.131"/>
</kw>
<kw name="Sleep" library="BuiltIn">
<arg>5s</arg>
<doc>Pauses the test executed for the given time.</doc>
<status status="NOT RUN" starttime="20260706 08:36:50.131" endtime="20260706 08:36:50.131"/>
</kw>
<kw name="Get Current Date" library="DateTime">
<var>${today}</var>
<arg>result_format=%Y-%m-%d</arg>
<doc>Returns current local or UTC time with an optional increment.</doc>
<status status="NOT RUN" starttime="20260706 08:36:50.131" endtime="20260706 08:36:50.131"/>
</kw>
<kw name="Set Variable" library="BuiltIn">
<var>${base_date}</var>
<arg>${today}</arg>
<doc>Returns the given values which can then be assigned to a variables.</doc>
<status status="NOT RUN" starttime="20260706 08:36:50.131" endtime="20260706 08:36:50.131"/>
</kw>
<if>
<branch type="IF" condition="'${RUN_START_DATE}' != ''">
<kw name="Set Variable" library="BuiltIn">
<var>${base_date}</var>
<arg>${RUN_START_DATE}</arg>
<doc>Returns the given values which can then be assigned to a variables.</doc>
<status status="NOT RUN" starttime="20260706 08:36:50.131" endtime="20260706 08:36:50.131"/>
</kw>
<status status="NOT RUN" starttime="20260706 08:36:50.131" endtime="20260706 08:36:50.131"/>
</branch>
<status status="NOT RUN" starttime="20260706 08:36:50.131" endtime="20260706 08:36:50.131"/>
</if>
<kw name="Add Time To Date" library="DateTime">
<var>${attendance_datum_giriton}</var>
<arg>${base_date}</arg>
<arg>0 days</arg>
<arg>result_format=%d/%m/%Y</arg>
<doc>Adds time to date and returns the resulting date.</doc>
<status status="NOT RUN" starttime="20260706 08:36:50.131" endtime="20260706 08:36:50.131"/>
</kw>
<kw name="Add Time To Date" library="DateTime">
<var>${attendance_datum_sheet}</var>
<arg>${base_date}</arg>
<arg>0 days</arg>
<arg>result_format=%Y-%m-%d</arg>
<doc>Adds time to date and returns the resulting date.</doc>
<status status="NOT RUN" starttime="20260706 08:36:50.131" endtime="20260706 08:36:50.131"/>
</kw>
<kw name="Log To Console" library="BuiltIn">
<arg>ATTENDANCE_DATUM=${attendance_datum_giriton}</arg>
<doc>Logs the given message to the console.</doc>
<status status="NOT RUN" starttime="20260706 08:36:50.131" endtime="20260706 08:36:50.131"/>
</kw>
<kw name="Execute Javascript" library="SeleniumLibrary">
<arg>const input=[...document.querySelectorAll('input.v-datefield-textfield')].find(el =&gt; el.offsetWidth &gt; 0 &amp;&amp; el.offsetHeight &gt; 0); if(!input){throw new Error('Visible date input not found');} input.focus(); input.value=arguments[0]; input.dispatchEvent(new Event('input',{bubbles:true})); input.dispatchEvent(new Event('change',{bubbles:true})); input.dispatchEvent(new KeyboardEvent('keydown',{key:'Enter',code:'Enter',keyCode:13,which:13,bubbles:true})); input.dispatchEvent(new KeyboardEvent('keyup',{key:'Enter',code:'Enter',keyCode:13,which:13,bubbles:true}));</arg>
<arg>ARGUMENTS</arg>
<arg>${attendance_datum_giriton}</arg>
<doc>Executes the given JavaScript code with possible arguments.</doc>
<status status="NOT RUN" starttime="20260706 08:36:50.131" endtime="20260706 08:36:50.131"/>
</kw>
<kw name="Sleep" library="BuiltIn">
<arg>5s</arg>
<doc>Pauses the test executed for the given time.</doc>
<status status="NOT RUN" starttime="20260706 08:36:50.131" endtime="20260706 08:36:50.131"/>
</kw>
<kw name="Scrape Attendance Rows" library="giriton_attendance_scraper">
<var>${attendance_rows}</var>
<arg>${attendance_datum_sheet}</arg>
<status status="NOT RUN" starttime="20260706 08:36:50.131" endtime="20260706 08:36:50.131"/>
</kw>
<kw name="Get Length" library="BuiltIn">
<var>${attendance_count}</var>
<arg>${attendance_rows}</arg>
<doc>Returns and logs the length of the given item as an integer.</doc>
<status status="NOT RUN" starttime="20260706 08:36:50.131" endtime="20260706 08:36:50.131"/>
</kw>
<kw name="Log To Console" library="BuiltIn">
<arg>ATTENDANCE_SOROK_SZAMA=${attendance_count}</arg>
<doc>Logs the given message to the console.</doc>
<status status="NOT RUN" starttime="20260706 08:36:50.131" endtime="20260706 08:36:50.131"/>
</kw>
<kw name="Write Giriton Attendance Db" library="giriton_attendance_db">
<var>${attendance_result}</var>
<arg>${attendance_rows}</arg>
<status status="NOT RUN" starttime="20260706 08:36:50.131" endtime="20260706 08:36:50.131"/>
</kw>
<kw name="Log To Console" library="BuiltIn">
<arg>ATTENDANCE_DB=${attendance_result}</arg>
<doc>Logs the given message to the console.</doc>
<status status="NOT RUN" starttime="20260706 08:36:50.131" endtime="20260706 08:36:50.131"/>
</kw>
<status status="FAIL" starttime="20260706 08:36:46.515" endtime="20260706 08:36:50.131">SessionNotCreatedException: Message: session not created: This version of ChromeDriver only supports Chrome version 101
Current browser version is 150.0.7871.47 with binary path C:\Program Files\Google\Chrome\Application\chrome.exe; For documentation on this error, please visit: https://www.selenium.dev/documentation/webdriver/troubleshooting/errors#sessionnotcreatedexception
Stacktrace:
Backtrace:
	Ordinal0 [0x0115B8F3+2406643]
	Ordinal0 [0x010EAF31+1945393]
	Ordinal0 [0x00FDC748+837448]
	Ordinal0 [0x00FFC8B3+968883]
	Ordinal0 [0x00FF84BA+951482]
	Ordinal0 [0x00FF5D71+941425]
	Ordinal0 [0x01028EE0+1150688]
	Ordinal0 [0x01028B3A+1149754]
	Ordinal0 [0x01024096+1130646]
	Ordinal0 [0x00FFE636+976438]
	Ordinal0 [0x00FFF546+980294]
	GetHandleVerifier [0x013C9612+2498066]
	GetHandleVerifier [0x013BC920+2445600]
	GetHandleVerifier [0x011F4F2A+579370]
	GetHandleVerifier [0x011F3D36+574774]
	Ordinal0 [0x010F1C0B+1973259]
	Ordinal0 [0x010F6688+1992328]
	Ordinal0 [0x010F6775+1992565]
	Ordinal0 [0x010FF8D1+2029777]
	BaseThreadInitThunk [0x77A9FCC9+25]
	RtlGetAppContainerNamedObjectPath [0x77C182AE+286]
	RtlGetAppContainerNamedObjectPath [0x77C1827E+238]
</status>
</test>
<status status="FAIL" starttime="20260706 08:36:44.005" endtime="20260706 08:36:50.131"/>
</suite>
<statistics>
<total>
<stat pass="0" fail="1" skip="0">All Tests</stat>
</total>
<tag>
</tag>
<suite>
<stat pass="0" fail="1" skip="0" id="s1" name="Giriton Attendance Github">Giriton Attendance Github</stat>
</suite>
</statistics>
<errors>
<msg timestamp="20260706 08:36:46.884" level="WARN">The chromedriver version (101.0.4951.41) detected in PATH at C:\chromedriver.exe might not be compatible with the detected chrome version (150.0.7871.47); currently, chromedriver 150.0.7871.46 is recommended for chrome 150.*, so it is advised to delete the driver in PATH and retry</msg>
</errors>
</robot>
